<?xml version="1.0" encoding="UTF-8"?>
<!-- Generated by org.testng.reporters.JUnitReportReporter -->
<testsuite skipped="0" hostname="X-Saviour" name="com.globant.bootcampAutomation.practice2.AppTest" tests="1" failures="0" timestamp="02 may 2017 19:05:04 GMT" time="52.866" errors="0">
  <testcase name="addShortsToCartValidatePriceAndCleanCart" time="52.866" classname="com.globant.bootcampAutomation.practice2.AppTest"/>
</testsuite> <!-- com.globant.bootcampAutomation.practice2.AppTest -->
