<?xml version="1.0" encoding="UTF-8"?>
<!-- Generated by org.testng.reporters.JUnitReportReporter -->
<testsuite skipped="0" hostname="X-Saviour" name="com.globant.bootcampAutomation.practice2.RegisterTest" tests="1" failures="0" timestamp="09 may 2017 13:15:44 GMT" time="69.146" errors="0">
  <testcase name="validateRegisterLink" time="69.146" classname="com.globant.bootcampAutomation.practice2.RegisterTest"/>
</testsuite> <!-- com.globant.bootcampAutomation.practice2.RegisterTest -->
