<?xml version="1.0" encoding="UTF-8"?>
<!-- Generated by org.testng.reporters.JUnitReportReporter -->
<testsuite skipped="0" hostname="X-Saviour" name="com.globant.practica1.Caso1.NewTest" tests="3" failures="0" timestamp="28 abr 2017 01:03:03 GMT" time="80.556" errors="0">
  <testcase name="registerFormTest" time="21.940" classname="com.globant.practica1.Caso1.NewTest"/>
  <testcase name="registerFormTestNoName" time="22.911" classname="com.globant.practica1.Caso1.NewTest"/>
  <testcase name="registerFormTestNoTerms" time="35.705" classname="com.globant.practica1.Caso1.NewTest"/>
</testsuite> <!-- com.globant.practica1.Caso1.NewTest -->
