<?xml version="1.0" encoding="UTF-8"?>
<!-- Generated by org.testng.reporters.JUnitReportReporter -->
<testsuite hostname="Santiago" name="com.globant.bootcampAutomation2.AppTest" tests="1" failures="0" timestamp="6 May 2017 00:45:41 GMT" time="0.002" errors="0">
  <testcase name="testApp" time="0.002" classname="com.globant.bootcampAutomation2.AppTest"/>
</testsuite> <!-- com.globant.bootcampAutomation2.AppTest -->
