<?xml version="1.0" encoding="UTF-8"?>
<!-- Generated by org.testng.reporters.JUnitReportReporter -->
<testsuite skipped="0" hostname="localhost.localdomain" name="com.globant.test.AmericanAirlinesTest" tests="1" failures="0" timestamp="07 May 2017 06:04:32 GMT" time="15.221" errors="0">
  <testcase name="fillBooking" time="15.221" classname="com.globant.test.AmericanAirlinesTest"/>
</testsuite> <!-- com.globant.test.AmericanAirlinesTest -->
