<?xml version="1.0" encoding="UTF-8"?>
<!-- Generated by org.testng.reporters.JUnitReportReporter -->
<testsuite hostname="DESKTOP-MT6KS9L" name="globant.selenium.NewTest" tests="1" failures="0" timestamp="3 May 2017 00:54:13 GMT" time="7.682" errors="0">
  <testcase name="test1" time="7.682" classname="globant.selenium.NewTest"/>
</testsuite> <!-- globant.selenium.NewTest -->
