<?xml version="1.0" encoding="UTF-8"?>
<!-- Generated by org.testng.reporters.JUnitReportReporter -->
<testsuite skipped="0" hostname="localhost.localdomain" name="com.globant.test.AmericanAirlinesTest" tests="2" failures="0" timestamp="09 May 2017 00:07:00 GMT" time="14.711" errors="2">
  <testcase name="fillBooking" time="14.698" classname="com.globant.test.AmericanAirlinesTest">
    <error type="org.openqa.selenium.WebDriverException" message="chrome not reachable
  (Session info: chrome=56.0.2924.87)
  (Driver info: chromedriver=2.29.461571 (8a88bbe0775e2a23afda0ceaf2ef7ee74e822cc5),platform=Linux 4.9.9-100.fc24.x86_64 x86_64) (WARNING: The server did not provide any stacktrace information)
Command duration or timeout: 14 milliseconds
Build info: version: &#039;3.4.0&#039;, revision: &#039;unknown&#039;, time: &#039;unknown&#039;
System info: host: &#039;localhost.localdomain&#039;, ip: &#039;127.0.0.1&#039;, os.name: &#039;Linux&#039;, os.arch: &#039;amd64&#039;, os.version: &#039;4.9.9-100.fc24.x86_64&#039;, java.version: &#039;1.8.0_121&#039;
Driver info: org.openqa.selenium.chrome.ChromeDriver
Capabilities [{applicationCacheEnabled=false, rotatable=false, mobileEmulationEnabled=false, networkConnectionEnabled=false, chrome={chromedriverVersion=2.29.461571 (8a88bbe0775e2a23afda0ceaf2ef7ee74e822cc5), userDataDir=/tmp/.org.chromium.Chromium.Cb12IS}, takesHeapSnapshot=true, pageLoadStrategy=normal, databaseEnabled=false, handlesAlerts=true, hasTouchScreen=false, version=56.0.2924.87, platform=LINUX, browserConnectionEnabled=false, nativeEvents=true, acceptSslCerts=true, locationContextEnabled=true, webStorageEnabled=true, browserName=chrome, takesScreenshot=true, javascriptEnabled=true, cssSelectorsEnabled=true, unexpectedAlertBehaviour=}]
Session ID: 4eb76e4f962d94b8e0921dabb91692ef
*** Element info: {Using=class name, value=aa-busy-module}">
      <![CDATA[org.openqa.selenium.WebDriverException: chrome not reachable
  (Session info: chrome=56.0.2924.87)
  (Driver info: chromedriver=2.29.461571 (8a88bbe0775e2a23afda0ceaf2ef7ee74e822cc5),platform=Linux 4.9.9-100.fc24.x86_64 x86_64) (WARNING: The server did not provide any stacktrace information)
Command duration or timeout: 14 milliseconds
Build info: version: '3.4.0', revision: 'unknown', time: 'unknown'
System info: host: 'localhost.localdomain', ip: '127.0.0.1', os.name: 'Linux', os.arch: 'amd64', os.version: '4.9.9-100.fc24.x86_64', java.version: '1.8.0_121'
Driver info: org.openqa.selenium.chrome.ChromeDriver
Capabilities [{applicationCacheEnabled=false, rotatable=false, mobileEmulationEnabled=false, networkConnectionEnabled=false, chrome={chromedriverVersion=2.29.461571 (8a88bbe0775e2a23afda0ceaf2ef7ee74e822cc5), userDataDir=/tmp/.org.chromium.Chromium.Cb12IS}, takesHeapSnapshot=true, pageLoadStrategy=normal, databaseEnabled=false, handlesAlerts=true, hasTouchScreen=false, version=56.0.2924.87, platform=LINUX, browserConnectionEnabled=false, nativeEvents=true, acceptSslCerts=true, locationContextEnabled=true, webStorageEnabled=true, browserName=chrome, takesScreenshot=true, javascriptEnabled=true, cssSelectorsEnabled=true, unexpectedAlertBehaviour=}]
Session ID: 4eb76e4f962d94b8e0921dabb91692ef
*** Element info: {Using=class name, value=aa-busy-module}
	at sun.reflect.NativeConstructorAccessorImpl.newInstance0(Native Method)
	at sun.reflect.NativeConstructorAccessorImpl.newInstance(NativeConstructorAccessorImpl.java:62)
	at sun.reflect.DelegatingConstructorAccessorImpl.newInstance(DelegatingConstructorAccessorImpl.java:45)
	at java.lang.reflect.Constructor.newInstance(Constructor.java:423)
	at org.openqa.selenium.remote.ErrorHandler.createThrowable(ErrorHandler.java:215)
	at org.openqa.selenium.remote.ErrorHandler.throwIfResponseFailed(ErrorHandler.java:167)
	at org.openqa.selenium.remote.RemoteWebDriver.execute(RemoteWebDriver.java:671)
	at org.openqa.selenium.remote.RemoteWebDriver.findElements(RemoteWebDriver.java:437)
	at org.openqa.selenium.remote.RemoteWebDriver.findElementsByClassName(RemoteWebDriver.java:497)
	at org.openqa.selenium.By$ByClassName.findElements(By.java:383)
	at org.openqa.selenium.remote.RemoteWebDriver.findElements(RemoteWebDriver.java:398)
	at org.openqa.selenium.support.ui.ExpectedConditions.findElement(ExpectedConditions.java:882)
	at org.openqa.selenium.support.ui.ExpectedConditions.access$000(ExpectedConditions.java:44)
	at org.openqa.selenium.support.ui.ExpectedConditions$7.apply(ExpectedConditions.java:206)
	at org.openqa.selenium.support.ui.ExpectedConditions$7.apply(ExpectedConditions.java:202)
	at org.openqa.selenium.support.ui.ExpectedConditions$22.apply(ExpectedConditions.java:644)
	at org.openqa.selenium.support.ui.ExpectedConditions$22.apply(ExpectedConditions.java:641)
	at org.openqa.selenium.support.ui.FluentWait.until(FluentWait.java:209)
	at com.globant.pages.BasePage.waitElement(BasePage.java:102)
	at com.globant.pages.InitialPage.fillBooking(InitialPage.java:96)
	at com.globant.test.AmericanAirlinesTest.fillBooking(AmericanAirlinesTest.java:48)
	at sun.reflect.NativeMethodAccessorImpl.invoke0(Native Method)
	at sun.reflect.NativeMethodAccessorImpl.invoke(NativeMethodAccessorImpl.java:62)
	at sun.reflect.DelegatingMethodAccessorImpl.invoke(DelegatingMethodAccessorImpl.java:43)
	at java.lang.reflect.Method.invoke(Method.java:498)
	at org.testng.internal.MethodInvocationHelper.invokeMethod(MethodInvocationHelper.java:108)
	at org.testng.internal.Invoker.invokeMethod(Invoker.java:661)
	at org.testng.internal.Invoker.invokeTestMethod(Invoker.java:869)
	at org.testng.internal.Invoker.invokeTestMethods(Invoker.java:1193)
	at org.testng.internal.TestMethodWorker.invokeTestMethods(TestMethodWorker.java:126)
	at org.testng.internal.TestMethodWorker.run(TestMethodWorker.java:109)
	at org.testng.TestRunner.privateRun(TestRunner.java:744)
	at org.testng.TestRunner.run(TestRunner.java:602)
	at org.testng.SuiteRunner.runTest(SuiteRunner.java:380)
	at org.testng.SuiteRunner.runSequentially(SuiteRunner.java:375)
	at org.testng.SuiteRunner.privateRun(SuiteRunner.java:340)
	at org.testng.SuiteRunner.run(SuiteRunner.java:289)
	at org.testng.SuiteRunnerWorker.runSuite(SuiteRunnerWorker.java:52)
	at org.testng.SuiteRunnerWorker.run(SuiteRunnerWorker.java:86)
	at org.testng.TestNG.runSuitesSequentially(TestNG.java:1301)
	at org.testng.TestNG.runSuitesLocally(TestNG.java:1226)
	at org.testng.TestNG.runSuites(TestNG.java:1144)
	at org.testng.TestNG.run(TestNG.java:1115)
	at org.testng.remote.AbstractRemoteTestNG.run(AbstractRemoteTestNG.java:132)
	at org.testng.remote.RemoteTestNG.initAndRun(RemoteTestNG.java:230)
	at org.testng.remote.RemoteTestNG.main(RemoteTestNG.java:76)
]]>
    </error>
  </testcase> <!-- fillBooking -->
  <testcase name="tearDown" time="0.013" classname="com.globant.test.AmericanAirlinesTest">
    <error type="org.openqa.selenium.WebDriverException" message="chrome not reachable
  (Session info: chrome=56.0.2924.87)
  (Driver info: chromedriver=2.29.461571 (8a88bbe0775e2a23afda0ceaf2ef7ee74e822cc5),platform=Linux 4.9.9-100.fc24.x86_64 x86_64) (WARNING: The server did not provide any stacktrace information)
Command duration or timeout: 12 milliseconds
Build info: version: &#039;3.4.0&#039;, revision: &#039;unknown&#039;, time: &#039;unknown&#039;
System info: host: &#039;localhost.localdomain&#039;, ip: &#039;127.0.0.1&#039;, os.name: &#039;Linux&#039;, os.arch: &#039;amd64&#039;, os.version: &#039;4.9.9-100.fc24.x86_64&#039;, java.version: &#039;1.8.0_121&#039;
Driver info: org.openqa.selenium.chrome.ChromeDriver
Capabilities [{applicationCacheEnabled=false, rotatable=false, mobileEmulationEnabled=false, networkConnectionEnabled=false, chrome={chromedriverVersion=2.29.461571 (8a88bbe0775e2a23afda0ceaf2ef7ee74e822cc5), userDataDir=/tmp/.org.chromium.Chromium.Cb12IS}, takesHeapSnapshot=true, pageLoadStrategy=normal, databaseEnabled=false, handlesAlerts=true, hasTouchScreen=false, version=56.0.2924.87, platform=LINUX, browserConnectionEnabled=false, nativeEvents=true, acceptSslCerts=true, locationContextEnabled=true, webStorageEnabled=true, browserName=chrome, takesScreenshot=true, javascriptEnabled=true, cssSelectorsEnabled=true, unexpectedAlertBehaviour=}]
Session ID: 4eb76e4f962d94b8e0921dabb91692ef">
      <![CDATA[org.openqa.selenium.WebDriverException: chrome not reachable
  (Session info: chrome=56.0.2924.87)
  (Driver info: chromedriver=2.29.461571 (8a88bbe0775e2a23afda0ceaf2ef7ee74e822cc5),platform=Linux 4.9.9-100.fc24.x86_64 x86_64) (WARNING: The server did not provide any stacktrace information)
Command duration or timeout: 12 milliseconds
Build info: version: '3.4.0', revision: 'unknown', time: 'unknown'
System info: host: 'localhost.localdomain', ip: '127.0.0.1', os.name: 'Linux', os.arch: 'amd64', os.version: '4.9.9-100.fc24.x86_64', java.version: '1.8.0_121'
Driver info: org.openqa.selenium.chrome.ChromeDriver
Capabilities [{applicationCacheEnabled=false, rotatable=false, mobileEmulationEnabled=false, networkConnectionEnabled=false, chrome={chromedriverVersion=2.29.461571 (8a88bbe0775e2a23afda0ceaf2ef7ee74e822cc5), userDataDir=/tmp/.org.chromium.Chromium.Cb12IS}, takesHeapSnapshot=true, pageLoadStrategy=normal, databaseEnabled=false, handlesAlerts=true, hasTouchScreen=false, version=56.0.2924.87, platform=LINUX, browserConnectionEnabled=false, nativeEvents=true, acceptSslCerts=true, locationContextEnabled=true, webStorageEnabled=true, browserName=chrome, takesScreenshot=true, javascriptEnabled=true, cssSelectorsEnabled=true, unexpectedAlertBehaviour=}]
Session ID: 4eb76e4f962d94b8e0921dabb91692ef
	at sun.reflect.NativeConstructorAccessorImpl.newInstance0(Native Method)
	at sun.reflect.NativeConstructorAccessorImpl.newInstance(NativeConstructorAccessorImpl.java:62)
	at sun.reflect.DelegatingConstructorAccessorImpl.newInstance(DelegatingConstructorAccessorImpl.java:45)
	at java.lang.reflect.Constructor.newInstance(Constructor.java:423)
	at org.openqa.selenium.remote.ErrorHandler.createThrowable(ErrorHandler.java:215)
	at org.openqa.selenium.remote.ErrorHandler.throwIfResponseFailed(ErrorHandler.java:167)
	at org.openqa.selenium.remote.RemoteWebDriver.execute(RemoteWebDriver.java:671)
	at org.openqa.selenium.remote.RemoteWebDriver.execute(RemoteWebDriver.java:694)
	at org.openqa.selenium.remote.RemoteWebDriver.close(RemoteWebDriver.java:523)
	at com.globant.test.AmericanAirlinesTest.tearDown(AmericanAirlinesTest.java:82)
	at sun.reflect.NativeMethodAccessorImpl.invoke0(Native Method)
	at sun.reflect.NativeMethodAccessorImpl.invoke(NativeMethodAccessorImpl.java:62)
	at sun.reflect.DelegatingMethodAccessorImpl.invoke(DelegatingMethodAccessorImpl.java:43)
	at java.lang.reflect.Method.invoke(Method.java:498)
	at org.testng.internal.MethodInvocationHelper.invokeMethod(MethodInvocationHelper.java:108)
	at org.testng.internal.Invoker.invokeConfigurationMethod(Invoker.java:523)
	at org.testng.internal.Invoker.invokeConfigurations(Invoker.java:224)
	at org.testng.internal.Invoker.invokeConfigurations(Invoker.java:146)
	at org.testng.TestRunner.afterRun(TestRunner.java:958)
	at org.testng.TestRunner.run(TestRunner.java:606)
	at org.testng.SuiteRunner.runTest(SuiteRunner.java:380)
	at org.testng.SuiteRunner.runSequentially(SuiteRunner.java:375)
	at org.testng.SuiteRunner.privateRun(SuiteRunner.java:340)
	at org.testng.SuiteRunner.run(SuiteRunner.java:289)
	at org.testng.SuiteRunnerWorker.runSuite(SuiteRunnerWorker.java:52)
	at org.testng.SuiteRunnerWorker.run(SuiteRunnerWorker.java:86)
	at org.testng.TestNG.runSuitesSequentially(TestNG.java:1301)
	at org.testng.TestNG.runSuitesLocally(TestNG.java:1226)
	at org.testng.TestNG.runSuites(TestNG.java:1144)
	at org.testng.TestNG.run(TestNG.java:1115)
	at org.testng.remote.AbstractRemoteTestNG.run(AbstractRemoteTestNG.java:132)
	at org.testng.remote.RemoteTestNG.initAndRun(RemoteTestNG.java:230)
	at org.testng.remote.RemoteTestNG.main(RemoteTestNG.java:76)
]]>
    </error>
  </testcase> <!-- tearDown -->
</testsuite> <!-- com.globant.test.AmericanAirlinesTest -->
