<?xml version="1.0" encoding="UTF-8"?>
<!-- Generated by org.testng.reporters.JUnitReportReporter -->
<testsuite skipped="0" hostname="MacBook-Air-de-Jenniffer.local" name="com.jenniffer.TestBootcamp.NewTest" tests="1" failures="0" timestamp="28 abr 2017 16:05:20 GMT" time="0.032" errors="0">
  <testcase name="testMaxValue1" time="0.032" classname="com.jenniffer.TestBootcamp.NewTest"/>
</testsuite> <!-- com.jenniffer.TestBootcamp.NewTest -->
