<?xml version="1.0" encoding="UTF-8"?>
<!-- Generated by org.testng.reporters.JUnitReportReporter -->
<testsuite hostname="Santiago" name="com.globant.bootcampAutomation2.tests.TestsEtihad" tests="2" failures="0" timestamp="9 May 2017 00:12:13 GMT" time="44.836" errors="0">
  <testcase name="EtihadTest" time="28.800" classname="com.globant.bootcampAutomation2.tests.TestsEtihad"/>
  <testcase name="DateTest" time="16.036" classname="com.globant.bootcampAutomation2.tests.TestsEtihad"/>
</testsuite> <!-- com.globant.bootcampAutomation2.tests.TestsEtihad -->
