<?xml version="1.0" encoding="UTF-8"?>
<!-- Generated by org.testng.reporters.JUnitReportReporter -->
<testsuite skipped="0" hostname="MacBook-Air-de-Jenniffer.local" name="com.globant.fibakDelivery.HomePageTest" tests="1" failures="0" timestamp="08 may 2017 23:54:33 GMT" time="229.143" errors="0">
  <testcase name="testFlightRoundTrip" time="229.143" classname="com.globant.fibakDelivery.HomePageTest"/>
</testsuite> <!-- com.globant.fibakDelivery.HomePageTest -->
